# JRE version: OpenJDK Runtime Environment Temurin-21.0.10+7 (21.0.10+7) (build 21.0.10+7-LTS)
# Java VM: OpenJDK 64-Bit Server VM Temurin-21.0.10+7 (21.0.10+7-LTS, mixed mode, sharing, tiered, compressed oops, compressed class ptrs, parallel gc, windows-amd64)
GC Precious Log:
 CardTable entry size: 512
 CPUs: 8 total, 8 available
 Memory: 6076M
 Large Page Support: Disabled
 NUMA Support: Disabled
 Compressed Oops: Enabled (32-bit)
 Alignments: Space 512K, Generation 512K, Heap 2M
 Heap Min Capacity: 100M
 Heap Initial Capacity: 100M
 Heap Max Capacity: 2G
 Pre-touch: Disabled
 Parallel Workers: 8
Heap:
 PSYoungGen      total 4096K, used 1031K [0x00000000d5580000, 0x00000000d5a80000, 0x0000000100000000)
  eden space 3072K, 15% used [0x00000000d5580000,0x00000000d55f9c80,0x00000000d5880000)
  from space 1024K, 53% used [0x00000000d5880000,0x00000000d5908000,0x00000000d5980000)
  to   space 1024K, 0% used [0x00000000d5980000,0x00000000d5980000,0x00000000d5a80000)
 ParOldGen       total 515584K, used 515209K [0x0000000080000000, 0x000000009f780000, 0x00000000d5580000)
  object space 515584K, 99% used [0x0000000080000000,0x000000009f722438,0x000000009f780000)
 Metaspace       used 70970K, committed 72576K, reserved 1114112K
  class space    used 7563K, committed 8256K, reserved 1048576K
GC Heap History (20 events):
Event: 1510.897 GC heap before
{Heap before GC invocations=679 (full 3):
 PSYoungGen      total 4096K, used 3423K [0x00000000d5580000, 0x00000000d5a80000, 0x0000000100000000)
  eden space 3072K, 99% used [0x00000000d5580000,0x00000000d587c448,0x00000000d5880000)
  from space 1024K, 35% used [0x00000000d5880000,0x00000000d58db8e8,0x00000000d5980000)
  to   space 1024K, 0% used [0x00000000d5980000,0x00000000d5980000,0x00000000d5a80000)
 ParOldGen       total 513536K, used 513047K [0x0000000080000000, 0x000000009f580000, 0x00000000d5580000)
  object space 513536K, 99% used [0x0000000080000000,0x000000009f505ee8,0x000000009f580000)
 Metaspace       used 69014K, committed 70528K, reserved 1114112K
  class space    used 7404K, committed 8064K, reserved 1048576K
}
Event: 1510.900 GC heap after
{Heap after GC invocations=679 (full 3):
 PSYoungGen      total 3584K, used 192K [0x00000000d5580000, 0x00000000d5a00000, 0x0000000100000000)
  eden space 3072K, 0% used [0x00000000d5580000,0x00000000d5580000,0x00000000d5880000)
  from space 512K, 37% used [0x00000000d5980000,0x00000000d59b0000,0x00000000d5a00000)
  to   space 512K, 0% used [0x00000000d5900000,0x00000000d5900000,0x00000000d5980000)
 ParOldGen       total 513536K, used 513095K [0x0000000080000000, 0x000000009f580000, 0x00000000d5580000)
  object space 513536K, 99% used [0x0000000080000000,0x000000009f511ee8,0x000000009f580000)
 Metaspace       used 69014K, committed 70528K, reserved 1114112K
  class space    used 7404K, committed 8064K, reserved 1048576K
}
Event: 1510.986 GC heap before
{Heap before GC invocations=680 (full 3):
 PSYoungGen      total 3584K, used 3264K [0x00000000d5580000, 0x00000000d5a00000, 0x0000000100000000)
  eden space 3072K, 100% used [0x00000000d5580000,0x00000000d5880000,0x00000000d5880000)
  from space 512K, 37% used [0x00000000d5980000,0x00000000d59b0000,0x00000000d5a00000)
  to   space 512K, 0% used [0x00000000d5900000,0x00000000d5900000,0x00000000d5980000)
 ParOldGen       total 513536K, used 513095K [0x0000000080000000, 0x000000009f580000, 0x00000000d5580000)
  object space 513536K, 99% used [0x0000000080000000,0x000000009f511ee8,0x000000009f580000)
 Metaspace       used 69497K, committed 71040K, reserved 1114112K
  class space    used 7454K, committed 8128K, reserved 1048576K
}
Event: 1510.989 GC heap after
{Heap after GC invocations=680 (full 3):
 PSYoungGen      total 3584K, used 274K [0x00000000d5580000, 0x00000000d5a00000, 0x0000000100000000)
  eden space 3072K, 0% used [0x00000000d5580000,0x00000000d5580000,0x00000000d5880000)
  from space 512K, 53% used [0x00000000d5900000,0x00000000d5944b20,0x00000000d5980000)
  to   space 512K, 0% used [0x00000000d5980000,0x00000000d5980000,0x00000000d5a00000)
 ParOldGen       total 513536K, used 513159K [0x0000000080000000, 0x000000009f580000, 0x00000000d5580000)
  object space 513536K, 99% used [0x0000000080000000,0x000000009f521ee8,0x000000009f580000)
 Metaspace       used 69497K, committed 71040K, reserved 1114112K
  class space    used 7454K, committed 8128K, reserved 1048576K
}
Event: 1511.154 GC heap before
{Heap before GC invocations=681 (full 3):
 PSYoungGen      total 3584K, used 3346K [0x00000000d5580000, 0x00000000d5a00000, 0x0000000100000000)
  eden space 3072K, 100% used [0x00000000d5580000,0x00000000d5880000,0x00000000d5880000)
  from space 512K, 53% used [0x00000000d5900000,0x00000000d5944b20,0x00000000d5980000)
  to   space 512K, 0% used [0x00000000d5980000,0x00000000d5980000,0x00000000d5a00000)
 ParOldGen       total 513536K, used 513159K [0x0000000080000000, 0x000000009f580000, 0x00000000d5580000)
  object space 513536K, 99% used [0x0000000080000000,0x000000009f521ee8,0x000000009f580000)
 Metaspace       used 69997K, committed 71488K, reserved 1114112K
  class space    used 7491K, committed 8128K, reserved 1048576K
}
Event: 1511.159 GC heap after
{Heap after GC invocations=681 (full 3):
 PSYoungGen      total 3584K, used 480K [0x00000000d5580000, 0x00000000d5a80000, 0x0000000100000000)
  eden space 3072K, 0% used [0x00000000d5580000,0x00000000d5580000,0x00000000d5880000)
  from space 512K, 93% used [0x00000000d5980000,0x00000000d59f8010,0x00000000d5a00000)
  to   space 1024K, 0% used [0x00000000d5880000,0x00000000d5880000,0x00000000d5980000)
 ParOldGen       total 513536K, used 513207K [0x0000000080000000, 0x000000009f580000, 0x00000000d5580000)
  object space 513536K, 99% used [0x0000000080000000,0x000000009f52def8,0x000000009f580000)
 Metaspace       used 69997K, committed 71488K, reserved 1114112K
  class space    used 7491K, committed 8128K, reserved 1048576K
}
Event: 1511.350 GC heap before
{Heap before GC invocations=682 (full 3):
 PSYoungGen      total 3584K, used 3552K [0x00000000d5580000, 0x00000000d5a80000, 0x0000000100000000)
  eden space 3072K, 99% used [0x00000000d5580000,0x00000000d587fff0,0x00000000d5880000)
  from space 512K, 93% used [0x00000000d5980000,0x00000000d59f8010,0x00000000d5a00000)
  to   space 1024K, 0% used [0x00000000d5880000,0x00000000d5880000,0x00000000d5980000)
 ParOldGen       total 513536K, used 513207K [0x0000000080000000, 0x000000009f580000, 0x00000000d5580000)
  object space 513536K, 99% used [0x0000000080000000,0x000000009f52def8,0x000000009f580000)
 Metaspace       used 70356K, committed 71936K, reserved 1114112K
  class space    used 7513K, committed 8192K, reserved 1048576K
}
Event: 1511.355 GC heap after
{Heap after GC invocations=682 (full 3):
 PSYoungGen      total 4096K, used 544K [0x00000000d5580000, 0x00000000d5a80000, 0x0000000100000000)
  eden space 3072K, 0% used [0x00000000d5580000,0x00000000d5580000,0x00000000d5880000)
  from space 1024K, 53% used [0x00000000d5880000,0x00000000d5908000,0x00000000d5980000)
  to   space 1024K, 0% used [0x00000000d5980000,0x00000000d5980000,0x00000000d5a80000)
 ParOldGen       total 513536K, used 513351K [0x0000000080000000, 0x000000009f580000, 0x00000000d5580000)
  object space 513536K, 99% used [0x0000000080000000,0x000000009f551ef8,0x000000009f580000)
 Metaspace       used 70356K, committed 71936K, reserved 1114112K
  class space    used 7513K, committed 8192K, reserved 1048576K
}
Event: 1511.413 GC heap before
{Heap before GC invocations=683 (full 3):
 PSYoungGen      total 4096K, used 3394K [0x00000000d5580000, 0x00000000d5a80000, 0x0000000100000000)
  eden space 3072K, 92% used [0x00000000d5580000,0x00000000d58488f8,0x00000000d5880000)
  from space 1024K, 53% used [0x00000000d5880000,0x00000000d5908000,0x00000000d5980000)
  to   space 1024K, 0% used [0x00000000d5980000,0x00000000d5980000,0x00000000d5a80000)
 ParOldGen       total 513536K, used 513351K [0x0000000080000000, 0x000000009f580000, 0x00000000d5580000)
  object space 513536K, 99% used [0x0000000080000000,0x000000009f551ef8,0x000000009f580000)
 Metaspace       used 70498K, committed 72064K, reserved 1114112K
  class space    used 7519K, committed 8192K, reserved 1048576K
}
Event: 1511.417 GC heap after
{Heap after GC invocations=683 (full 3):
 PSYoungGen      total 3584K, used 407K [0x00000000d5580000, 0x00000000d5a00000, 0x0000000100000000)
  eden space 3072K, 0% used [0x00000000d5580000,0x00000000d5580000,0x00000000d5880000)
  from space 512K, 79% used [0x00000000d5980000,0x00000000d59e5f90,0x00000000d5a00000)
  to   space 512K, 0% used [0x00000000d5900000,0x00000000d5900000,0x00000000d5980000)
 ParOldGen       total 514048K, used 513751K [0x0000000080000000, 0x000000009f600000, 0x00000000d5580000)
  object space 514048K, 99% used [0x0000000080000000,0x000000009f5b5f08,0x000000009f600000)
 Metaspace       used 70498K, committed 72064K, reserved 1114112K
  class space    used 7519K, committed 8192K, reserved 1048576K
}
Event: 1511.444 GC heap before
{Heap before GC invocations=684 (full 3):
 PSYoungGen      total 3584K, used 3477K [0x00000000d5580000, 0x00000000d5a00000, 0x0000000100000000)
  eden space 3072K, 99% used [0x00000000d5580000,0x00000000d587f628,0x00000000d5880000)
  from space 512K, 79% used [0x00000000d5980000,0x00000000d59e5f90,0x00000000d5a00000)
  to   space 512K, 0% used [0x00000000d5900000,0x00000000d5900000,0x00000000d5980000)
 ParOldGen       total 514048K, used 513751K [0x0000000080000000, 0x000000009f600000, 0x00000000d5580000)
  object space 514048K, 99% used [0x0000000080000000,0x000000009f5b5f08,0x000000009f600000)
 Metaspace       used 70685K, committed 72192K, reserved 1114112K
  class space    used 7546K, committed 8192K, reserved 1048576K
}
Event: 1511.447 GC heap after
{Heap after GC invocations=684 (full 3):
 PSYoungGen      total 3584K, used 497K [0x00000000d5580000, 0x00000000d5b80000, 0x0000000100000000)
  eden space 3072K, 0% used [0x00000000d5580000,0x00000000d5580000,0x00000000d5880000)
  from space 512K, 97% used [0x00000000d5900000,0x00000000d597c570,0x00000000d5980000)
  to   space 1536K, 0% used [0x00000000d5a00000,0x00000000d5a00000,0x00000000d5b80000)
 ParOldGen       total 515072K, used 514468K [0x0000000080000000, 0x000000009f700000, 0x00000000d5580000)
  object space 515072K, 99% used [0x0000000080000000,0x000000009f669178,0x000000009f700000)
 Metaspace       used 70685K, committed 72192K, reserved 1114112K
  class space    used 7546K, committed 8192K, reserved 1048576K
}
Event: 1511.551 GC heap before
{Heap before GC invocations=685 (full 3):
 PSYoungGen      total 3584K, used 3449K [0x00000000d5580000, 0x00000000d5b80000, 0x0000000100000000)
  eden space 3072K, 96% used [0x00000000d5580000,0x00000000d5861ed0,0x00000000d5880000)
  from space 512K, 97% used [0x00000000d5900000,0x00000000d597c570,0x00000000d5980000)
  to   space 1536K, 0% used [0x00000000d5a00000,0x00000000d5a00000,0x00000000d5b80000)
 ParOldGen       total 515072K, used 514468K [0x0000000080000000, 0x000000009f700000, 0x00000000d5580000)
  object space 515072K, 99% used [0x0000000080000000,0x000000009f669178,0x000000009f700000)
 Metaspace       used 70718K, committed 72256K, reserved 1114112K
  class space    used 7551K, committed 8192K, reserved 1048576K
}
Event: 1511.555 GC heap after
{Heap after GC invocations=685 (full 3):
 PSYoungGen      total 3584K, used 224K [0x00000000d5580000, 0x00000000d5a80000, 0x0000000100000000)
  eden space 3072K, 0% used [0x00000000d5580000,0x00000000d5580000,0x00000000d5880000)
  from space 512K, 43% used [0x00000000d5a00000,0x00000000d5a38000,0x00000000d5a80000)
  to   space 1024K, 0% used [0x00000000d5880000,0x00000000d5880000,0x00000000d5980000)
 ParOldGen       total 515072K, used 514508K [0x0000000080000000, 0x000000009f700000, 0x00000000d5580000)
  object space 515072K, 99% used [0x0000000080000000,0x000000009f673178,0x000000009f700000)
 Metaspace       used 70718K, committed 72256K, reserved 1114112K
  class space    used 7551K, committed 8192K, reserved 1048576K
}
Event: 1511.738 GC heap before
{Heap before GC invocations=686 (full 3):
 PSYoungGen      total 3584K, used 3296K [0x00000000d5580000, 0x00000000d5a80000, 0x0000000100000000)
  eden space 3072K, 100% used [0x00000000d5580000,0x00000000d5880000,0x00000000d5880000)
  from space 512K, 43% used [0x00000000d5a00000,0x00000000d5a38000,0x00000000d5a80000)
  to   space 1024K, 0% used [0x00000000d5880000,0x00000000d5880000,0x00000000d5980000)
 ParOldGen       total 515072K, used 514508K [0x0000000080000000, 0x000000009f700000, 0x00000000d5580000)
  object space 515072K, 99% used [0x0000000080000000,0x000000009f673178,0x000000009f700000)
 Metaspace       used 70845K, committed 72448K, reserved 1114112K
  class space    used 7561K, committed 8256K, reserved 1048576K
}
Event: 1511.745 GC heap after
{Heap after GC invocations=686 (full 3):
 PSYoungGen      total 4096K, used 320K [0x00000000d5580000, 0x00000000d5a80000, 0x0000000100000000)
  eden space 3072K, 0% used [0x00000000d5580000,0x00000000d5580000,0x00000000d5880000)
  from space 1024K, 31% used [0x00000000d5880000,0x00000000d58d0000,0x00000000d5980000)
  to   space 512K, 0% used [0x00000000d5a00000,0x00000000d5a00000,0x00000000d5a80000)
 ParOldGen       total 515072K, used 514564K [0x0000000080000000, 0x000000009f700000, 0x00000000d5580000)
  object space 515072K, 99% used [0x0000000080000000,0x000000009f681178,0x000000009f700000)
 Metaspace       used 70845K, committed 72448K, reserved 1114112K
  class space    used 7561K, committed 8256K, reserved 1048576K
}
Event: 1511.858 GC heap before
{Heap before GC invocations=687 (full 3):
 PSYoungGen      total 4096K, used 3392K [0x00000000d5580000, 0x00000000d5a80000, 0x0000000100000000)
  eden space 3072K, 100% used [0x00000000d5580000,0x00000000d5880000,0x00000000d5880000)
  from space 1024K, 31% used [0x00000000d5880000,0x00000000d58d0000,0x00000000d5980000)
  to   space 512K, 0% used [0x00000000d5a00000,0x00000000d5a00000,0x00000000d5a80000)
 ParOldGen       total 515072K, used 514564K [0x0000000080000000, 0x000000009f700000, 0x00000000d5580000)
  object space 515072K, 99% used [0x0000000080000000,0x000000009f681178,0x000000009f700000)
 Metaspace       used 70856K, committed 72448K, reserved 1114112K
  class space    used 7561K, committed 8256K, reserved 1048576K
}
Event: 1511.885 GC heap after
{Heap after GC invocations=687 (full 3):
 PSYoungGen      total 3584K, used 496K [0x00000000d5580000, 0x00000000d5a80000, 0x0000000100000000)
  eden space 3072K, 0% used [0x00000000d5580000,0x00000000d5580000,0x00000000d5880000)
  from space 512K, 96% used [0x00000000d5a00000,0x00000000d5a7c010,0x00000000d5a80000)
  to   space 1024K, 0% used [0x00000000d5880000,0x00000000d5880000,0x00000000d5980000)
 ParOldGen       total 515072K, used 514737K [0x0000000080000000, 0x000000009f700000, 0x00000000d5580000)
  object space 515072K, 99% used [0x0000000080000000,0x000000009f6ac418,0x000000009f700000)
 Metaspace       used 70856K, committed 72448K, reserved 1114112K
  class space    used 7561K, committed 8256K, reserved 1048576K
}
Event: 9673.431 GC heap before
{Heap before GC invocations=688 (full 3):
 PSYoungGen      total 3584K, used 3568K [0x00000000d5580000, 0x00000000d5a80000, 0x0000000100000000)
  eden space 3072K, 100% used [0x00000000d5580000,0x00000000d5880000,0x00000000d5880000)
  from space 512K, 96% used [0x00000000d5a00000,0x00000000d5a7c010,0x00000000d5a80000)
  to   space 1024K, 0% used [0x00000000d5880000,0x00000000d5880000,0x00000000d5980000)
 ParOldGen       total 515072K, used 514737K [0x0000000080000000, 0x000000009f700000, 0x00000000d5580000)
  object space 515072K, 99% used [0x0000000080000000,0x000000009f6ac418,0x000000009f700000)
 Metaspace       used 70964K, committed 72576K, reserved 1114112K
  class space    used 7563K, committed 8256K, reserved 1048576K
}
Event: 9674.176 GC heap after
{Heap after GC invocations=688 (full 3):
 PSYoungGen      total 4096K, used 544K [0x00000000d5580000, 0x00000000d5a80000, 0x0000000100000000)
  eden space 3072K, 0% used [0x00000000d5580000,0x00000000d5580000,0x00000000d5880000)
  from space 1024K, 53% used [0x00000000d5880000,0x00000000d5908000,0x00000000d5980000)
  to   space 1024K, 0% used [0x00000000d5980000,0x00000000d5980000,0x00000000d5a80000)
 ParOldGen       total 515584K, used 515209K [0x0000000080000000, 0x000000009f780000, 0x00000000d5580000)
  object space 515584K, 99% used [0x0000000080000000,0x000000009f722438,0x000000009f780000)
 Metaspace       used 70964K, committed 72576K, reserved 1114112K
  class space    used 7563K, committed 8256K, reserved 1048576K
}

